Build started 27-Aug-15 5:37:42 PM.
     1>Project "C:\Users\user\documents\visual studio 2013\Projects\Entropy\Entropy\Entropy.vcxproj" on node 2 (Build target(s)).
     1>ClCompile:
         C:\Program Files (x86)\Microsoft Visual Studio 12.0\VC\bin\CL.exe /c /ZI /nologo /W3 /WX- /sdl /Od /Oy- /D WIN32 /D _DEBUG /D _CONSOLE /D _LIB /D _UNICODE /D UNICODE /Gm /EHsc /RTC1 /MDd /GS /fp:precise /Zc:wchar_t /Zc:forScope /Fo"Debug\\" /Fd"Debug\vc120.pdb" /Gd /TP /analyze- /errorReport:prompt Player.cpp
         Player.cpp
     1>c:\users\user\documents\visual studio 2013\projects\entropy\entropy\player.cpp(36): warning C4244: 'argument' : conversion from 'const double' to 'int', possible loss of data
     1>c:\users\user\documents\visual studio 2013\projects\entropy\entropy\player.cpp(288): warning C4018: '>=' : signed/unsigned mismatch
     1>c:\users\user\documents\visual studio 2013\projects\entropy\entropy\player.cpp(297): warning C4244: 'initializing' : conversion from 'double' to 'int', possible loss of data
     1>c:\users\user\documents\visual studio 2013\projects\entropy\entropy\player.cpp(298): warning C4244: 'initializing' : conversion from 'double' to 'int', possible loss of data
     1>c:\users\user\documents\visual studio 2013\projects\entropy\entropy\player.cpp(305): warning C4244: 'argument' : conversion from 'double' to 'int', possible loss of data
       Link:
         C:\Program Files (x86)\Microsoft Visual Studio 12.0\VC\bin\link.exe /ERRORREPORT:PROMPT /OUT:"C:\Users\user\documents\visual studio 2013\Projects\Entropy\Debug\Entropy.exe" /INCREMENTAL /NOLOGO SDL2.lib SDL2main.lib SDL2_mixer.lib SDL2_image.lib zdll.lib kernel32.lib user32.lib gdi32.lib winspool.lib comdlg32.lib advapi32.lib shell32.lib ole32.lib oleaut32.lib uuid.lib odbc32.lib odbccp32.lib kernel32.lib user32.lib gdi32.lib winspool.lib comdlg32.lib advapi32.lib shell32.lib ole32.lib oleaut32.lib uuid.lib odbc32.lib odbccp32.lib /MANIFEST /MANIFESTUAC:"level='asInvoker' uiAccess='false'" /manifest:embed /DEBUG /PDB:"C:\Users\user\documents\visual studio 2013\Projects\Entropy\Debug\Entropy.pdb" /SUBSYSTEM:CONSOLE /TLBID:1 /DYNAMICBASE /NXCOMPAT /IMPLIB:"C:\Users\user\documents\visual studio 2013\Projects\Entropy\Debug\Entropy.lib" /MACHINE:X86 Debug\Actor.obj
         Debug\AnimatedGraphic.obj
         Debug\base64.obj
         Debug\Projectile.obj
         Debug\Camera.obj
         Debug\CollisionManager.obj
         Debug\Game.obj
         Debug\GameObjectFactory.obj
         Debug\GameOverState.obj
         Debug\GameStateMachine.obj
         Debug\InputHandler.obj
         Debug\Level.obj
         Debug\LevelParser.obj
         Debug\LoaderParams.obj
         Debug\main.obj
         Debug\MainMenuState.obj
         Debug\MenuButton.obj
         Debug\ObjectLayer.obj
         Debug\PauseState.obj
         Debug\Player.obj
         Debug\PlayState.obj
         Debug\ScrollingBackground.obj
         Debug\SoundManager.obj
         Debug\StateParser.obj
         Debug\TextureManager.obj
         Debug\TileLayer.obj
         Debug\tinystr.obj
         Debug\tinyxml.obj
         Debug\tinyxmlerror.obj
         Debug\tinyxmlparser.obj
         Debug\Vector2D.obj
         Entropy.vcxproj -> C:\Users\user\documents\visual studio 2013\Projects\Entropy\Debug\Entropy.exe
     1>Done Building Project "C:\Users\user\documents\visual studio 2013\Projects\Entropy\Entropy\Entropy.vcxproj" (Build target(s)).

Build succeeded.

Time Elapsed 00:00:00.92
